Using pre-set license
Built from '2021.3/staging' branch; Version is '2021.3.23f1 (213b516bf396) revision 2177873'; Using compiler version '192829333'; Build Type 'Release'
OS: 'Windows 11  (10.0.22621) 64bit Professional' Language: 'en' Physical Memory: 32439 MB
BatchMode: 1, IsHumanControllingUs: 0, StartBugReporterOnCrash: 0, Is64bit: 1, IsPro: 1

COMMAND LINE ARGUMENTS:
D:\Unity\2021.3.23f1\Editor\Unity.exe
-adb2
-batchMode
-noUpm
-name
AssetImportWorker0
-projectPath
D:/Sit383/projectDV
-logFile
Logs/AssetImportWorker0.log
-srvPort
60661
Successfully changed project path to: D:/Sit383/projectDV
D:/Sit383/projectDV
[UnityMemory] Configuration Parameters - Can be set up in boot.config
    "memorysetup-bucket-allocator-granularity=16"
    "memorysetup-bucket-allocator-bucket-count=8"
    "memorysetup-bucket-allocator-block-size=33554432"
    "memorysetup-bucket-allocator-block-count=8"
    "memorysetup-main-allocator-block-size=16777216"
    "memorysetup-thread-allocator-block-size=16777216"
    "memorysetup-gfx-main-allocator-block-size=16777216"
    "memorysetup-gfx-thread-allocator-block-size=16777216"
    "memorysetup-cache-allocator-block-size=4194304"
    "memorysetup-typetree-allocator-block-size=2097152"
    "memorysetup-profiler-bucket-allocator-granularity=16"
    "memorysetup-profiler-bucket-allocator-bucket-count=8"
    "memorysetup-profiler-bucket-allocator-block-size=33554432"
    "memorysetup-profiler-bucket-allocator-block-count=8"
    "memorysetup-profiler-allocator-block-size=16777216"
    "memorysetup-profiler-editor-allocator-block-size=1048576"
    "memorysetup-temp-allocator-size-main=16777216"
    "memorysetup-job-temp-allocator-block-size=2097152"
    "memorysetup-job-temp-allocator-block-size-background=1048576"
    "memorysetup-job-temp-allocator-reduction-small-platforms=262144"
    "memorysetup-temp-allocator-size-background-worker=32768"
    "memorysetup-temp-allocator-size-job-worker=262144"
    "memorysetup-temp-allocator-size-preload-manager=33554432"
    "memorysetup-temp-allocator-size-nav-mesh-worker=65536"
    "memorysetup-temp-allocator-size-audio-worker=65536"
    "memorysetup-temp-allocator-size-cloud-worker=32768"
    "memorysetup-temp-allocator-size-gi-baking-worker=262144"
    "memorysetup-temp-allocator-size-gfx=262144"
Player connection [21364] Host "[IP] 192.168.5.115 [Port] 0 [Flags] 2 [Guid] 2139381868 [EditorId] 2139381868 [Version] 1048832 [Id] WindowsEditor(7,DESKTOP-PI70F3L) [Debug] 1 [PackageName] WindowsEditor [ProjectName] Editor" joined multi-casting on [225.0.0.222:54997]...

Player connection [21364] Host "[IP] 192.168.5.115 [Port] 0 [Flags] 2 [Guid] 2139381868 [EditorId] 2139381868 [Version] 1048832 [Id] WindowsEditor(7,DESKTOP-PI70F3L) [Debug] 1 [PackageName] WindowsEditor [ProjectName] Editor" joined alternative multi-casting on [225.0.0.222:34997]...

Refreshing native plugins compatible for Editor in 80.70 ms, found 14 plugins.
Preloading 1 native plugins for Editor in 0.44 ms.
Initialize engine version: 2021.3.23f1 (213b516bf396)
[Subsystems] Discovering subsystems at path D:/Unity/2021.3.23f1/Editor/Data/Resources/UnitySubsystems
[Subsystems] Discovering subsystems at path D:/Sit383/projectDV/Assets
GfxDevice: creating device client; threaded=0; jobified=0
Direct3D:
    Version:  Direct3D 11.0 [level 11.1]
    Renderer: NVIDIA GeForce RTX 3070 Ti Laptop GPU (ID=0x24e0)
    Vendor:   NVIDIA
    VRAM:     8032 MB
    Driver:   31.0.15.2754
Shader 'Oculus/OVRMRCameraFrameLit': fallback shader 'Alpha-Diffuse' not found
Initialize mono
Mono path[0] = 'D:/Unity/2021.3.23f1/Editor/Data/Managed'
Mono path[1] = 'D:/Unity/2021.3.23f1/Editor/Data/MonoBleedingEdge/lib/mono/unityjit-win32'
Mono config path = 'D:/Unity/2021.3.23f1/Editor/Data/MonoBleedingEdge/etc'
Using monoOptions --debugger-agent=transport=dt_socket,embedding=1,server=y,suspend=n,address=127.0.0.1:56968
Begin MonoManager ReloadAssembly
Registering precompiled unity dll's ...
Register platform support module: D:/Unity/2021.3.23f1/Editor/Data/PlaybackEngines/AndroidPlayer/UnityEditor.Android.Extensions.dll
Register platform support module: D:/Unity/2021.3.23f1/Editor/Data/PlaybackEngines/WindowsStandaloneSupport/UnityEditor.WindowsStandalone.Extensions.dll
Registered in 0.001091 seconds.
Native extension for WindowsStandalone target not found
Native extension for Android target not found
Android Extension - Scanning For ADB Devices 231 ms
Refreshing native plugins compatible for Editor in 69.23 ms, found 14 plugins.
Preloading 1 native plugins for Editor in 0.07 ms.
Mono: successfully reloaded assembly
- Completed reload, in  0.701 seconds
Domain Reload Profiling:
	ReloadAssembly (701ms)
		BeginReloadAssembly (58ms)
			ExecutionOrderSort (0ms)
			DisableScriptedObjects (0ms)
			BackupInstance (0ms)
			ReleaseScriptingObjects (0ms)
			CreateAndSetChildDomain (1ms)
		EndReloadAssembly (584ms)
			LoadAssemblies (58ms)
			RebuildTransferFunctionScriptingTraits (0ms)
			SetupTypeCache (70ms)
			ReleaseScriptCaches (0ms)
			RebuildScriptCaches (18ms)
			SetupLoadedEditorAssemblies (460ms)
				LogAssemblyErrors (0ms)
				InitializePlatformSupportModulesInManaged (288ms)
				SetLoadedEditorAssemblies (0ms)
				RefreshPlugins (69ms)
				BeforeProcessingInitializeOnLoad (1ms)
				ProcessInitializeOnLoadAttributes (69ms)
				ProcessInitializeOnLoadMethodAttributes (32ms)
				AfterProcessingInitializeOnLoad (0ms)
				EditorAssembliesLoaded (0ms)
			ExecutionOrderSort2 (0ms)
			AwakeInstancesAfterBackupRestoration (0ms)
Platform modules already initialized, skipping
Registering precompiled user dll's ...
Registered in 0.003955 seconds.
Begin MonoManager ReloadAssembly
Symbol file LoadedFromMemory doesn't match image D:\Sit383\projectDV\Library\PackageCache\com.unity.visualscripting@1.8.0\Editor\VisualScripting.Core\Dependencies\DotNetZip\Unity.VisualScripting.IonicZip.dll
Symbol file LoadedFromMemory doesn't match image D:\Sit383\projectDV\Library\PackageCache\com.unity.visualscripting@1.8.0\Editor\VisualScripting.Core\Dependencies\YamlDotNet\Unity.VisualScripting.YamlDotNet.dll
Native extension for WindowsStandalone target not found
Native extension for Android target not found
Refreshing native plugins compatible for Editor in 64.38 ms, found 14 plugins.
Preloading 1 native plugins for Editor in 0.09 ms.
Package Manager log level set to [2]
[XR] OculusXRPlugin: registering subsystems
[XR] Unable to register display lifecyle provider: [1]
[XR] Oculus Input lifecycle provider registered.
[XR] Unable to register input lifecyle provider: [1]
[XR] OVRP version 1.82.0
Mono: successfully reloaded assembly
- Completed reload, in  1.042 seconds
Domain Reload Profiling:
	ReloadAssembly (1043ms)
		BeginReloadAssembly (86ms)
			ExecutionOrderSort (0ms)
			DisableScriptedObjects (4ms)
			BackupInstance (0ms)
			ReleaseScriptingObjects (0ms)
			CreateAndSetChildDomain (18ms)
		EndReloadAssembly (886ms)
			LoadAssemblies (71ms)
			RebuildTransferFunctionScriptingTraits (0ms)
			SetupTypeCache (213ms)
			ReleaseScriptCaches (0ms)
			RebuildScriptCaches (47ms)
			SetupLoadedEditorAssemblies (518ms)
				LogAssemblyErrors (0ms)
				InitializePlatformSupportModulesInManaged (10ms)
				SetLoadedEditorAssemblies (0ms)
				RefreshPlugins (65ms)
				BeforeProcessingInitializeOnLoad (66ms)
				ProcessInitializeOnLoadAttributes (343ms)
				ProcessInitializeOnLoadMethodAttributes (32ms)
				AfterProcessingInitializeOnLoad (2ms)
				EditorAssembliesLoaded (0ms)
			ExecutionOrderSort2 (0ms)
			AwakeInstancesAfterBackupRestoration (4ms)
Platform modules already initialized, skipping
========================================================================
Worker process is ready to serve import requests
Shader 'Oculus/OVRMRCameraFrameLit': fallback shader 'Alpha-Diffuse' not found
Launched and connected shader compiler UnityShaderCompiler.exe after 0.03 seconds
Refreshing native plugins compatible for Editor in 0.85 ms, found 14 plugins.
Preloading 1 native plugins for Editor in 0.07 ms.
Unloading 4517 Unused Serialized files (Serialized files now loaded: 0)
Unloading 70 unused Assets / (115.8 KB). Loaded Objects now: 4971.
Memory consumption went from 169.6 MB to 169.5 MB.
Total: 3.621700 ms (FindLiveObjects: 0.255800 ms CreateObjectMapping: 0.139600 ms MarkObjects: 3.094700 ms  DeleteObjects: 0.130300 ms)

AssetImportParameters requested are different than current active one (requested -> active):
  custom:video-decoder-ogg-theora: a1e56fd34408186e4bbccfd4996cb3dc -> 
  custom:container-muxer-webm: aa71ff27fc2769a1b78a27578f13a17b -> 
  custom:container-demuxer-webm: 4f35f7cbe854078d1ac9338744f61a02 -> 
  custom:video-encoder-webm-vp8: eb34c28f22e8b96e1ab97ce403110664 -> 
  custom:video-codec-MediaFoundation-h265: 746d11721c4dcdbdad8f713fa42b33f4 -> 
  custom:audio-encoder-webm-vorbis: bf7c407c2cedff20999df2af8eb42d56 -> 
  custom:framework-win-MediaFoundation: 216162199b28c13a410421893ffa2e32 -> 
  custom:container-demuxer-ogg: 62fdf1f143b41e24485cea50d1cbac27 -> 
  custom:video-decoder-webm-vp8: 9c59270c3fd7afecdb556c50c9e8de78 -> 
  custom:audio-decoder-ogg-vorbis: bf7c407c2cedff20999df2af8eb42d56 -> 
========================================================================
Received Import Request.
  Time since last request: 20183.188933 seconds.
  path: Assets/Samples/XR Interaction Toolkit/2.3.1/Hands Interaction Demo/Runtime/Prefabs/Complete XR Origin Hands Set Up.prefab
  artifactKey: Guid(5eccbf4be2c00e94689ee8062e4e7276) Importer(815301076,1909f56bfc062723c751e8b465ee728b)
Start importing Assets/Samples/XR Interaction Toolkit/2.3.1/Hands Interaction Demo/Runtime/Prefabs/Complete XR Origin Hands Set Up.prefab using Guid(5eccbf4be2c00e94689ee8062e4e7276) Importer(815301076,1909f56bfc062723c751e8b465ee728b)  -> (artifact id: '857442105a0e88ad7afe725ea4966b3d') in 0.233107 seconds 
========================================================================
Received Import Request.
  Time since last request: 109.303592 seconds.
  path: Assets/Oculus/OculusProjectConfig.asset
  artifactKey: Guid(e94a179a2a4b33e4bbf58c6c97172b5c) Importer(815301076,1909f56bfc062723c751e8b465ee728b)
Start importing Assets/Oculus/OculusProjectConfig.asset using Guid(e94a179a2a4b33e4bbf58c6c97172b5c) Importer(815301076,1909f56bfc062723c751e8b465ee728b)  -> (artifact id: 'f3c370de80192a05466d68da7ee48c2b') in 0.011298 seconds 
========================================================================
Received Import Request.
  Time since last request: 3.610147 seconds.
  path: Assets
  artifactKey: Guid(00000000000000001000000000000000) Importer(815301076,1909f56bfc062723c751e8b465ee728b)
Start importing Assets using Guid(00000000000000001000000000000000) Importer(815301076,1909f56bfc062723c751e8b465ee728b)  -> (artifact id: '79842766b460edbeab6a34051e857a80') in 0.009875 seconds 
========================================================================
Received Import Request.
  Time since last request: 7.672308 seconds.
  path: Assets/Materials
  artifactKey: Guid(65008cab842f4ce4db483b313ad89975) Importer(815301076,1909f56bfc062723c751e8b465ee728b)
Start importing Assets/Materials using Guid(65008cab842f4ce4db483b313ad89975) Importer(815301076,1909f56bfc062723c751e8b465ee728b)  -> (artifact id: '8e20a078738b4c1eff75223e30692dcb') in 0.006989 seconds 
========================================================================
Received Import Request.
  Time since last request: 31.489621 seconds.
  path: Assets/Materials/Blue.mat
  artifactKey: Guid(561807612f3a7dc4ab28b32d1ff3e002) Importer(815301076,1909f56bfc062723c751e8b465ee728b)
Start importing Assets/Materials/Blue.mat using Guid(561807612f3a7dc4ab28b32d1ff3e002) Importer(815301076,1909f56bfc062723c751e8b465ee728b)  -> (artifact id: 'd657a13e040d59bd1382f9d4c0be2150') in 0.026459 seconds 
========================================================================
Received Import Request.
  Time since last request: 64.002727 seconds.
  path: Assets/Oculus/VR/Editor/OVRProjectSetup/Icons/ovr_icon_bug.png
  artifactKey: Guid(a93157b322f420f45a1f778d8488c439) Importer(815301076,1909f56bfc062723c751e8b465ee728b)
Start importing Assets/Oculus/VR/Editor/OVRProjectSetup/Icons/ovr_icon_bug.png using Guid(a93157b322f420f45a1f778d8488c439) Importer(815301076,1909f56bfc062723c751e8b465ee728b)  -> (artifact id: '7d0e019ff07f54fd8bc35c107f472d51') in 0.025682 seconds 
========================================================================
Received Import Request.
  Time since last request: 0.002550 seconds.
  path: Assets/Oculus/VR/Editor/OVRProjectSetup/Icons/ovr_icon_neutral.png
  artifactKey: Guid(b86d2628487bc0443833638cf94a2d8d) Importer(815301076,1909f56bfc062723c751e8b465ee728b)
Start importing Assets/Oculus/VR/Editor/OVRProjectSetup/Icons/ovr_icon_neutral.png using Guid(b86d2628487bc0443833638cf94a2d8d) Importer(815301076,1909f56bfc062723c751e8b465ee728b)  -> (artifact id: '160c63df7e4f456a368cf6442f84d52f') in 0.012339 seconds 
========================================================================
Received Import Request.
  Time since last request: 0.000024 seconds.
  path: Assets/Oculus/VR/Editor/OVRProjectSetup/Icons/ovr_icon_documentation.png
  artifactKey: Guid(463c3731cee5cfc4483468905695f003) Importer(815301076,1909f56bfc062723c751e8b465ee728b)
Start importing Assets/Oculus/VR/Editor/OVRProjectSetup/Icons/ovr_icon_documentation.png using Guid(463c3731cee5cfc4483468905695f003) Importer(815301076,1909f56bfc062723c751e8b465ee728b)  -> (artifact id: 'e0dbf9dbbe4fd13b9e50f4e35be3e178') in 0.016496 seconds 
========================================================================
Received Import Request.
  Time since last request: 0.000023 seconds.
  path: Assets/Oculus/VR/Editor/OVRProjectSetup/Icons/ovr_icon_category_neutral.png
  artifactKey: Guid(a5c6b8a6ed5d33749ac1f5783e1675f2) Importer(815301076,1909f56bfc062723c751e8b465ee728b)
Start importing Assets/Oculus/VR/Editor/OVRProjectSetup/Icons/ovr_icon_category_neutral.png using Guid(a5c6b8a6ed5d33749ac1f5783e1675f2) Importer(815301076,1909f56bfc062723c751e8b465ee728b)  -> (artifact id: 'a122bd857cf31ff29344b8e99ce86dfa') in 0.011985 seconds 
========================================================================
Received Import Request.
  Time since last request: 0.000025 seconds.
  path: Assets/Oculus/VR/Editor/OVRProjectSetup/Icons/ovr_icon_success.png
  artifactKey: Guid(ace332c70150e584db1715bc6fa86ed2) Importer(815301076,1909f56bfc062723c751e8b465ee728b)
Start importing Assets/Oculus/VR/Editor/OVRProjectSetup/Icons/ovr_icon_success.png using Guid(ace332c70150e584db1715bc6fa86ed2) Importer(815301076,1909f56bfc062723c751e8b465ee728b)  -> (artifact id: 'e6ae7e6e039b5a6cffac0fd381acec3c') in 0.010795 seconds 
Editor requested this worker to shutdown with reason: Scaling down because of idle timeout
AssetImportWorker is now disconnected from the server
Process exiting
Exiting without the bug reporter. Application will terminate with return code 0